{"C:\\Users\\luris\\Desktop\\FinalProjectAdvancedFronted\\src\\utils\\calculateTotal.ts": {"path":"C:\\Users\\luris\\Desktop\\FinalProjectAdvancedFronted\\src\\utils\\calculateTotal.ts","statementMap":{"0":{"start":{"line":1,"column":30},"end":{"line":3,"column":1}},"1":{"start":{"line":2,"column":2},"end":{"line":2,"column":78}},"2":{"start":{"line":2,"column":39},"end":{"line":2,"column":73}},"3":{"start":{"line":1,"column":13},"end":{"line":1,"column":30}}},"fnMap":{"0":{"name":"(anonymous_0)","decl":{"start":{"line":1,"column":30},"end":{"line":1,"column":31}},"loc":{"start":{"line":1,"column":79},"end":{"line":3,"column":1}}},"1":{"name":"(anonymous_1)","decl":{"start":{"line":2,"column":22},"end":{"line":2,"column":23}},"loc":{"start":{"line":2,"column":39},"end":{"line":2,"column":73}}}},"branchMap":{},"s":{"0":1,"1":2,"2":2,"3":1},"f":{"0":2,"1":2},"b":{}}
}
